Starting equalized-alpha for Q2.5-14B (5x, multi-GPU) at 2026年 04月 19日 星期日 00:17:02 CST
CUDA_VISIBLE_DEVICES=6,4
Alphas: [-30,-20,-10,0,10,20,30], Layer: 24
=== Trait: openness at 2026年 04月 19日 星期日 00:17:02 CST ===
Device: auto
GPU: NVIDIA GeForce RTX 3090
Free VRAM: 23.4 GB
=== Trait: conscientiousness at 2026年 04月 19日 星期日 00:17:08 CST ===
Device: auto
GPU: NVIDIA GeForce RTX 3090
Free VRAM: 23.4 GB
=== Trait: extraversion at 2026年 04月 19日 星期日 00:17:14 CST ===
Device: auto
GPU: NVIDIA GeForce RTX 3090
Free VRAM: 23.4 GB
=== Trait: agreeableness at 2026年 04月 19日 星期日 00:17:20 CST ===
Device: auto
GPU: NVIDIA GeForce RTX 3090
Free VRAM: 23.4 GB
=== Trait: neuroticism at 2026年 04月 19日 星期日 00:17:25 CST ===
Device: auto
GPU: NVIDIA GeForce RTX 3090
Free VRAM: 23.4 GB
=== All traits done at 2026年 04月 19日 星期日 00:17:32 CST ===
=== Starting judge phase ===
Judging openness at 2026年 04月 19日 星期日 00:17:32 CST
Judging conscientiousness at 2026年 04月 19日 星期日 00:17:37 CST
Judging extraversion at 2026年 04月 19日 星期日 00:17:43 CST
Judging agreeableness at 2026年 04月 19日 星期日 00:17:48 CST
Judging neuroticism at 2026年 04月 19日 星期日 00:17:53 CST
=== Judge phase done at 2026年 04月 19日 星期日 00:17:59 CST ===
