
Evaluating OOD Generalization for openness (160 total scenarios)
  ✓ Best intermediate layer (L=15): MD alignment = 0.989
  ✓ Saved results to /data1/tongjizhou/persona/results/ood_results/mistralai_Mistral-7B-Instruct-v0.1/mistralai_Mistral-7B-Instruct-v0.1/openness/ood_stability.png
  ✓ Saved results to /data1/tongjizhou/persona/results/ood_results/mistralai_Mistral-7B-Instruct-v0.1/mistralai_Mistral-7B-Instruct-v0.1/openness/ood_stability.png

Evaluating OOD Generalization for extraversion (160 total scenarios)
  ✓ Best intermediate layer (L=15): MD alignment = 0.990
  ✓ Saved results to /data1/tongjizhou/persona/results/ood_results/mistralai_Mistral-7B-Instruct-v0.1/mistralai_Mistral-7B-Instruct-v0.1/extraversion/ood_stability.png
  ✓ Saved results to /data1/tongjizhou/persona/results/ood_results/mistralai_Mistral-7B-Instruct-v0.1/mistralai_Mistral-7B-Instruct-v0.1/extraversion/ood_stability.png

Evaluating OOD Generalization for conscientiousness (160 total scenarios)
  ✓ Best intermediate layer (L=15): MD alignment = 0.980
  ✓ Saved results to /data1/tongjizhou/persona/results/ood_results/mistralai_Mistral-7B-Instruct-v0.1/mistralai_Mistral-7B-Instruct-v0.1/conscientiousness/ood_stability.png
  ✓ Saved results to /data1/tongjizhou/persona/results/ood_results/mistralai_Mistral-7B-Instruct-v0.1/mistralai_Mistral-7B-Instruct-v0.1/conscientiousness/ood_stability.png

Evaluating OOD Generalization for neuroticism (160 total scenarios)
  ✓ Best intermediate layer (L=15): MD alignment = 0.988
  ✓ Saved results to /data1/tongjizhou/persona/results/ood_results/mistralai_Mistral-7B-Instruct-v0.1/mistralai_Mistral-7B-Instruct-v0.1/neuroticism/ood_stability.png
  ✓ Saved results to /data1/tongjizhou/persona/results/ood_results/mistralai_Mistral-7B-Instruct-v0.1/mistralai_Mistral-7B-Instruct-v0.1/neuroticism/ood_stability.png

Evaluating OOD Generalization for agreeableness (160 total scenarios)
  ✓ Best intermediate layer (L=15): MD alignment = 0.973
  ✓ Saved results to /data1/tongjizhou/persona/results/ood_results/mistralai_Mistral-7B-Instruct-v0.1/mistralai_Mistral-7B-Instruct-v0.1/agreeableness/ood_stability.png
  ✓ Saved results to /data1/tongjizhou/persona/results/ood_results/mistralai_Mistral-7B-Instruct-v0.1/mistralai_Mistral-7B-Instruct-v0.1/agreeableness/ood_stability.png
