Using layer: 8

============================================================
Shuffle-Label Baseline Experiment
Model: unsloth/gemma-2-2b-it | Layer: 8 | Permutations: 100
============================================================

  Loaded openness: pos=(20, 2304), neg=(20, 2304)
  Loaded conscientiousness: pos=(20, 2304), neg=(20, 2304)
  Loaded extraversion: pos=(20, 2304), neg=(20, 2304)
  Loaded agreeableness: pos=(20, 2304), neg=(20, 2304)
  Loaded neuroticism: pos=(20, 2304), neg=(20, 2304)

Loading genuine Big Five vectors...
  Genuine Big Five mean |cos|: 0.2564 ± 0.1686

Running 100 shuffle-label permutations...
  Shuffled mean |cos|: 0.1554 ± 0.0483

============================================================
RESULTS SUMMARY
============================================================
  Genuine Big Five mean |cos|:  0.2564
  Shuffle baseline mean |cos|:  0.1554 ± 0.0483
  Effect size (Cohen d equiv.): -2.09
  t-test (shuffle vs genuine):  t=-20.78, p=0.0000
  4.0% of shuffled perms exceed genuine mean
  Interpretation: ⚠ Unexpected: genuine vectors are MORE correlated than shuffled.
============================================================

  Results saved: results/shuffle_label_baseline_results/unsloth_gemma-2-2b-it/shuffle_label_baseline.json
/data1/tongjizhou/persona/src/evaluation/eval_shuffle_label_baseline.py:193: MatplotlibDeprecationWarning: The 'labels' parameter of boxplot() has been renamed 'tick_labels' since Matplotlib 3.9; support for the old name will be dropped in 3.11.
  bp = ax.boxplot(
  Figure saved: results/shuffle_label_baseline_results/unsloth_gemma-2-2b-it/shuffle_label_baseline.png
/data1/tongjizhou/persona/src/evaluation/eval_shuffle_label_baseline.py:193: MatplotlibDeprecationWarning: The 'labels' parameter of boxplot() has been renamed 'tick_labels' since Matplotlib 3.9; support for the old name will be dropped in 3.11.
  bp = ax.boxplot(
  Figure saved: paper/figures/shuffle_label_baseline.png

✓ Shuffle-label baseline experiment complete!
