2026年 04月 08日 星期三 17:43:26 CST: Waiting for extraction to complete...
2026年 04月 08日 星期三 17:44:26 CST: Waiting for extraction to complete...
2026年 04月 08日 星期三 17:45:26 CST: Waiting for extraction to complete...
2026年 04月 08日 星期三 17:46:27 CST: Waiting for extraction to complete...
2026年 04月 08日 星期三 17:47:27 CST: Waiting for extraction to complete...
2026年 04月 08日 星期三 17:48:27 CST: Waiting for extraction to complete...
2026年 04月 08日 星期三 17:49:27 CST: Waiting for extraction to complete...
2026年 04月 08日 星期三 17:50:27 CST: Waiting for extraction to complete...
2026年 04月 08日 星期三 17:51:27 CST: Waiting for extraction to complete...
2026年 04月 08日 星期三 17:52:27 CST: Waiting for extraction to complete...
2026年 04月 08日 星期三 17:53:27 CST: Waiting for extraction to complete...
2026年 04月 08日 星期三 17:54:28 CST: Waiting for extraction to complete...
2026年 04月 08日 星期三 17:55:28 CST: Waiting for extraction to complete...
2026年 04月 08日 星期三 17:56:28 CST: Waiting for extraction to complete...
2026年 04月 08日 星期三 17:57:28 CST: Waiting for extraction to complete...
2026年 04月 08日 星期三 17:58:28 CST: Waiting for extraction to complete...
2026年 04月 08日 星期三 17:59:28 CST: Waiting for extraction to complete...
2026年 04月 08日 星期三 18:00:28 CST: Waiting for extraction to complete...
2026年 04月 08日 星期三 18:01:28 CST: Waiting for extraction to complete...
2026年 04月 08日 星期三 18:02:29 CST: Waiting for extraction to complete...
2026年 04月 08日 星期三 18:03:29 CST: Waiting for extraction to complete...
2026年 04月 08日 星期三 18:04:29 CST: Waiting for extraction to complete...
2026年 04月 08日 星期三 18:05:29 CST: Waiting for extraction to complete...
2026年 04月 08日 星期三 18:06:29 CST: Waiting for extraction to complete...
2026年 04月 08日 星期三 18:07:29 CST: Waiting for extraction to complete...
2026年 04月 08日 星期三 18:08:29 CST: Waiting for extraction to complete...
2026年 04月 08日 星期三 18:09:29 CST: Waiting for extraction to complete...
2026年 04月 08日 星期三 18:10:30 CST: Waiting for extraction to complete...
2026年 04月 08日 星期三 18:11:30 CST: Waiting for extraction to complete...
2026年 04月 08日 星期三 18:12:30 CST: Waiting for extraction to complete...
2026年 04月 08日 星期三 18:13:30 CST: Waiting for extraction to complete...
2026年 04月 08日 星期三 18:14:30 CST: Waiting for extraction to complete...
2026年 04月 08日 星期三 18:15:30 CST: Waiting for extraction to complete...
2026年 04月 08日 星期三 18:16:30 CST: Waiting for extraction to complete...
2026年 04月 08日 星期三 18:17:30 CST: Waiting for extraction to complete...
2026年 04月 08日 星期三 18:18:31 CST: Waiting for extraction to complete...
2026年 04月 08日 星期三 18:19:31 CST: Waiting for extraction to complete...
2026年 04月 08日 星期三 18:20:31 CST: Waiting for extraction to complete...
2026年 04月 08日 星期三 18:21:31 CST: Waiting for extraction to complete...
2026年 04月 08日 星期三 18:22:31 CST: Waiting for extraction to complete...
2026年 04月 08日 星期三 18:23:31 CST: Waiting for extraction to complete...
2026年 04月 08日 星期三 18:24:31 CST: Waiting for extraction to complete...
2026年 04月 08日 星期三 18:25:31 CST: Waiting for extraction to complete...
2026年 04月 08日 星期三 18:26:31 CST: Waiting for extraction to complete...
2026年 04月 08日 星期三 18:27:32 CST: Waiting for extraction to complete...
2026年 04月 08日 星期三 18:28:32 CST: Waiting for extraction to complete...
2026年 04月 08日 星期三 18:29:32 CST: Waiting for extraction to complete...
2026年 04月 08日 星期三 18:30:32 CST: Waiting for extraction to complete...
2026年 04月 08日 星期三 18:31:32 CST: Waiting for extraction to complete...
2026年 04月 08日 星期三 18:32:32 CST: Waiting for extraction to complete...
2026年 04月 08日 星期三 18:33:32 CST: Waiting for extraction to complete...
2026年 04月 08日 星期三 18:34:32 CST: Waiting for extraction to complete...
2026年 04月 08日 星期三 18:35:32 CST: Waiting for extraction to complete...
2026年 04月 08日 星期三 18:36:33 CST: Waiting for extraction to complete...
2026年 04月 08日 星期三 18:37:33 CST: Waiting for extraction to complete...
2026年 04月 08日 星期三 18:38:33 CST: Waiting for extraction to complete...
2026年 04月 08日 星期三 18:39:33 CST: Waiting for extraction to complete...
2026年 04月 08日 星期三 18:40:33 CST: Waiting for extraction to complete...
2026年 04月 08日 星期三 18:41:33 CST: Waiting for extraction to complete...
2026年 04月 08日 星期三 18:42:33 CST: Waiting for extraction to complete...
2026年 04月 08日 星期三 18:43:34 CST: Waiting for extraction to complete...
2026年 04月 08日 星期三 18:44:34 CST: Waiting for extraction to complete...
2026年 04月 08日 星期三 18:45:34 CST: Waiting for extraction to complete...
2026年 04月 08日 星期三 18:46:34 CST: Waiting for extraction to complete...
2026年 04月 08日 星期三 18:47:34 CST: Waiting for extraction to complete...
2026年 04月 08日 星期三 18:48:34 CST: Waiting for extraction to complete...
2026年 04月 08日 星期三 18:49:34 CST: Waiting for extraction to complete...
2026年 04月 08日 星期三 18:50:34 CST: Waiting for extraction to complete...
2026年 04月 08日 星期三 18:51:35 CST: Waiting for extraction to complete...
2026年 04月 08日 星期三 18:52:35 CST: Waiting for extraction to complete...
2026年 04月 08日 星期三 18:53:35 CST: Waiting for extraction to complete...
2026年 04月 08日 星期三 18:54:35 CST: Waiting for extraction to complete...
2026年 04月 08日 星期三 18:55:35 CST: Waiting for extraction to complete...
2026年 04月 08日 星期三 18:56:35 CST: Waiting for extraction to complete...
2026年 04月 08日 星期三 18:57:35 CST: Waiting for extraction to complete...
2026年 04月 08日 星期三 18:58:35 CST: Waiting for extraction to complete...
2026年 04月 08日 星期三 18:59:35 CST: Waiting for extraction to complete...
2026年 04月 08日 星期三 19:00:36 CST: Waiting for extraction to complete...
2026年 04月 08日 星期三 19:01:36 CST: Waiting for extraction to complete...
2026年 04月 08日 星期三 19:02:36 CST: Waiting for extraction to complete...
2026年 04月 08日 星期三 19:03:36 CST: Waiting for extraction to complete...
2026年 04月 08日 星期三 19:04:36 CST: Waiting for extraction to complete...
2026年 04月 08日 星期三 19:05:36 CST: Waiting for extraction to complete...
2026年 04月 08日 星期三 19:06:36 CST: Waiting for extraction to complete...
2026年 04月 08日 星期三 19:07:36 CST: Waiting for extraction to complete...
2026年 04月 08日 星期三 19:08:37 CST: Waiting for extraction to complete...
2026年 04月 08日 星期三 19:09:37 CST: Waiting for extraction to complete...
2026年 04月 08日 星期三 19:10:37 CST: Waiting for extraction to complete...
2026年 04月 08日 星期三 19:11:37 CST: Waiting for extraction to complete...
2026年 04月 08日 星期三 19:12:37 CST: Waiting for extraction to complete...
2026年 04月 08日 星期三 19:13:37 CST: Waiting for extraction to complete...
2026年 04月 08日 星期三 19:14:37 CST: Waiting for extraction to complete...
2026年 04月 08日 星期三 19:15:37 CST: Waiting for extraction to complete...
2026年 04月 08日 星期三 19:16:38 CST: Waiting for extraction to complete...
2026年 04月 08日 星期三 19:17:38 CST: Waiting for extraction to complete...
2026年 04月 08日 星期三 19:18:38 CST: Waiting for extraction to complete...
2026年 04月 08日 星期三 19:19:38 CST: Waiting for extraction to complete...
2026年 04月 08日 星期三 19:20:38 CST: Waiting for extraction to complete...
2026年 04月 08日 星期三 19:21:38 CST: Waiting for extraction to complete...
2026年 04月 08日 星期三 19:22:38 CST: Waiting for extraction to complete...
2026年 04月 08日 星期三 19:23:38 CST: Waiting for extraction to complete...
2026年 04月 08日 星期三 19:24:38 CST: Waiting for extraction to complete...
2026年 04月 08日 星期三 19:25:39 CST: Waiting for extraction to complete...
2026年 04月 08日 星期三 19:26:39 CST: Waiting for extraction to complete...
2026年 04月 08日 星期三 19:27:39 CST: Waiting for extraction to complete...
2026年 04月 08日 星期三 19:28:39 CST: Waiting for extraction to complete...
2026年 04月 08日 星期三 19:29:39 CST: Waiting for extraction to complete...
2026年 04月 08日 星期三 19:30:39 CST: Waiting for extraction to complete...
2026年 04月 08日 星期三 19:31:39 CST: Waiting for extraction to complete...
2026年 04月 08日 星期三 19:32:39 CST: Waiting for extraction to complete...
2026年 04月 08日 星期三 19:33:40 CST: Waiting for extraction to complete...
2026年 04月 08日 星期三 19:34:40 CST: Waiting for extraction to complete...
2026年 04月 08日 星期三 19:35:40 CST: Waiting for extraction to complete...
2026年 04月 08日 星期三 19:36:40 CST: Waiting for extraction to complete...
2026年 04月 08日 星期三 19:37:40 CST: Waiting for extraction to complete...
2026年 04月 08日 星期三 19:38:40 CST: Waiting for extraction to complete...
2026年 04月 08日 星期三 19:39:40 CST: Waiting for extraction to complete...
2026年 04月 08日 星期三 19:40:40 CST: Waiting for extraction to complete...
2026年 04月 08日 星期三 19:41:40 CST: Waiting for extraction to complete...
2026年 04月 08日 星期三 19:42:41 CST: Waiting for extraction to complete...
2026年 04月 08日 星期三 19:43:41 CST: Waiting for extraction to complete...
2026年 04月 08日 星期三 19:44:41 CST: Extraction complete!
2026年 04月 08日 星期三 19:44:41 CST: Steering openness...
2026年 04月 08日 星期三 19:44:47 CST: Done steering: openness (exit: 0)
2026年 04月 08日 星期三 19:44:47 CST: Steering conscientiousness...
2026年 04月 08日 星期三 19:44:53 CST: Done steering: conscientiousness (exit: 0)
2026年 04月 08日 星期三 19:44:53 CST: Steering extraversion...
2026年 04月 08日 星期三 19:44:59 CST: Done steering: extraversion (exit: 0)
2026年 04月 08日 星期三 19:44:59 CST: Steering agreeableness...
2026年 04月 08日 星期三 19:45:04 CST: Done steering: agreeableness (exit: 0)
2026年 04月 08日 星期三 19:45:04 CST: Steering neuroticism...
2026年 04月 08日 星期三 19:45:10 CST: Done steering: neuroticism (exit: 0)
2026年 04月 08日 星期三 19:45:10 CST: Computing entanglement...
2026年 04月 08日 星期三 19:45:12 CST: Done entanglement (exit: 0)
2026年 04月 08日 星期三 19:45:12 CST: Full pipeline complete!
