\BOOKMARK [1][-]{section.1}{\376\377\000I\000n\000t\000r\000o\000d\000u\000c\000t\000i\000o\000n}{}% 1
\BOOKMARK [1][-]{section.2}{\376\377\000R\000e\000l\000a\000t\000e\000d\000\040\000W\000o\000r\000k}{}% 2
\BOOKMARK [1][-]{section.3}{\376\377\000P\000e\000r\000s\000o\000n\000a\000L\000e\000n\000s\000\040\000F\000r\000a\000m\000e\000w\000o\000r\000k}{}% 3
\BOOKMARK [2][-]{subsection.3.1}{\376\377\000P\000h\000a\000s\000e\000\040\0001\000:\000\040\000C\000o\000n\000t\000r\000a\000s\000t\000i\000v\000e\000\040\000D\000a\000t\000a\000\040\000C\000o\000n\000s\000t\000r\000u\000c\000t\000i\000o\000n}{section.3}% 4
\BOOKMARK [2][-]{subsection.3.2}{\376\377\000P\000h\000a\000s\000e\000\040\0002\000:\000\040\000A\000c\000t\000i\000v\000a\000t\000i\000o\000n\000\040\000C\000o\000l\000l\000e\000c\000t\000i\000o\000n}{section.3}% 5
\BOOKMARK [2][-]{subsection.3.3}{\376\377\000P\000h\000a\000s\000e\000\040\0003\000:\000\040\000P\000e\000r\000s\000o\000n\000a\000\040\000V\000e\000c\000t\000o\000r\000\040\000E\000x\000t\000r\000a\000c\000t\000i\000o\000n}{section.3}% 6
\BOOKMARK [2][-]{subsection.3.4}{\376\377\000P\000h\000a\000s\000e\000\040\0004\000:\000\040\000C\000a\000u\000s\000a\000l\000\040\000L\000o\000c\000a\000l\000i\000z\000a\000t\000i\000o\000n\000\040\000v\000i\000a\000\040\000A\000c\000t\000i\000v\000a\000t\000i\000o\000n\000\040\000P\000a\000t\000c\000h\000i\000n\000g}{section.3}% 7
\BOOKMARK [2][-]{subsection.3.5}{\376\377\000P\000h\000a\000s\000e\000\040\0005\000:\000\040\000I\000n\000f\000e\000r\000e\000n\000c\000e\000-\000T\000i\000m\000e\000\040\000P\000e\000r\000s\000o\000n\000a\000l\000i\000t\000y\000\040\000S\000t\000e\000e\000r\000i\000n\000g}{section.3}% 8
\BOOKMARK [2][-]{subsection.3.6}{\376\377\000C\000r\000o\000s\000s\000-\000T\000r\000a\000i\000t\000\040\000O\000r\000t\000h\000o\000g\000o\000n\000a\000l\000i\000t\000y\000\040\000A\000n\000a\000l\000y\000s\000i\000s}{section.3}% 9
\BOOKMARK [2][-]{subsection.3.7}{\376\377\000T\000h\000e\000\040\000P\000e\000r\000t\000u\000r\000b\000a\000t\000i\000o\000n\000\040\000R\000a\000t\000i\000o\000\040\000P\000r\000o\000b\000l\000e\000m}{section.3}% 10
\BOOKMARK [1][-]{section.4}{\376\377\000E\000x\000p\000e\000r\000i\000m\000e\000n\000t\000a\000l\000\040\000S\000e\000t\000u\000p}{}% 11
\BOOKMARK [1][-]{section.5}{\376\377\000R\000e\000s\000u\000l\000t\000s}{}% 12
\BOOKMARK [2][-]{subsection.5.1}{\376\377\000P\000e\000r\000s\000o\000n\000a\000l\000i\000t\000y\000\040\000E\000x\000t\000r\000a\000c\000t\000i\000o\000n\000\040\000i\000s\000\040\000U\000n\000i\000v\000e\000r\000s\000a\000l}{section.5}% 13
\BOOKMARK [2][-]{subsection.5.2}{\376\377\000T\000h\000e\000\040\000P\000e\000r\000t\000u\000r\000b\000a\000t\000i\000o\000n\000\040\000R\000a\000t\000i\000o\000\040\000P\000r\000o\000b\000l\000e\000m}{section.5}% 14
\BOOKMARK [2][-]{subsection.5.3}{\376\377\000A\000d\000j\000u\000s\000t\000e\000d\000-\000A\000l\000p\000h\000a\000\040\000A\000b\000l\000a\000t\000i\000o\000n\000:\000\040\000N\000e\000c\000e\000s\000s\000a\000r\000y\000\040\000b\000u\000t\000\040\000N\000o\000t\000\040\000S\000u\000f\000f\000i\000c\000i\000e\000n\000t}{section.5}% 15
\BOOKMARK [2][-]{subsection.5.4}{\376\377\000T\000h\000e\000\040\000Q\000w\000e\000n\000\040\000S\000c\000a\000l\000i\000n\000g\000\040\000P\000a\000r\000a\000d\000o\000x}{section.5}% 16
\BOOKMARK [2][-]{subsection.5.5}{\376\377\000C\000r\000o\000s\000s\000-\000M\000o\000d\000e\000l\000\040\000S\000t\000e\000e\000r\000i\000n\000g\000\040\000L\000a\000n\000d\000s\000c\000a\000p\000e}{section.5}% 17
\BOOKMARK [1][-]{section.6}{\376\377\000D\000i\000s\000c\000u\000s\000s\000i\000o\000n}{}% 18
\BOOKMARK [1][-]{section.7}{\376\377\000C\000o\000n\000c\000l\000u\000s\000i\000o\000n}{}% 19
\BOOKMARK [1][-]{appendix.A}{\376\377\000M\000e\000t\000h\000o\000d\000\040\000D\000e\000t\000a\000i\000l\000s}{}% 20
\BOOKMARK [2][-]{subsection.A.1}{\376\377\000M\000e\000t\000r\000i\000c\000s\000\040\000a\000n\000d\000\040\000E\000v\000a\000l\000u\000a\000t\000i\000o\000n\000\040\000C\000r\000i\000t\000e\000r\000i\000a}{appendix.A}% 21
\BOOKMARK [2][-]{subsection.A.2}{\376\377\000E\000x\000t\000r\000a\000c\000t\000i\000o\000n\000\040\000M\000e\000t\000h\000o\000d\000\040\000C\000o\000n\000v\000e\000r\000g\000e\000n\000c\000e}{appendix.A}% 22
\BOOKMARK [2][-]{subsection.A.3}{\376\377\000S\000t\000a\000t\000i\000s\000t\000i\000c\000a\000l\000\040\000P\000o\000w\000e\000r\000\040\000a\000n\000d\000\040\000S\000a\000m\000p\000l\000e\000\040\000S\000i\000z\000e}{appendix.A}% 23
\BOOKMARK [2][-]{subsection.A.4}{\376\377\000S\000a\000m\000p\000l\000e\000\040\000S\000i\000z\000e\000\040\000A\000b\000l\000a\000t\000i\000o\000n}{appendix.A}% 24
\BOOKMARK [1][-]{appendix.B}{\376\377\000A\000d\000j\000u\000s\000t\000e\000d\000-\000A\000l\000p\000h\000a\000\040\000P\000e\000r\000-\000T\000r\000a\000i\000t\000\040\000D\000e\000t\000a\000i\000l\000e\000d\000\040\000T\000a\000b\000l\000e\000s}{}% 25
\BOOKMARK [1][-]{appendix.C}{\376\377\000P\000e\000r\000-\000M\000o\000d\000e\000l\000\040\000D\000e\000t\000a\000i\000l\000e\000d\000\040\000R\000e\000s\000u\000l\000t\000s}{}% 26
\BOOKMARK [2][-]{subsection.C.1}{\376\377\000Q\000w\000e\000n\0002\000.\0005\000-\0000\000.\0005\000B\000-\000I\000n\000s\000t\000r\000u\000c\000t}{appendix.C}% 27
\BOOKMARK [2][-]{subsection.C.2}{\376\377\000Q\000w\000e\000n\0003\000-\0000\000.\0006\000B}{appendix.C}% 28
\BOOKMARK [2][-]{subsection.C.3}{\376\377\000T\000i\000n\000y\000L\000l\000a\000m\000a\000-\0001\000.\0001\000B}{appendix.C}% 29
\BOOKMARK [2][-]{subsection.C.4}{\376\377\000L\000l\000a\000m\000a\000-\0003\000.\0002\000-\0001\000B\000-\000I\000n\000s\000t\000r\000u\000c\000t}{appendix.C}% 30
\BOOKMARK [2][-]{subsection.C.5}{\376\377\000G\000e\000m\000m\000a\000-\0002\000-\0002\000B\000-\000I\000n\000s\000t\000r\000u\000c\000t}{appendix.C}% 31
\BOOKMARK [2][-]{subsection.C.6}{\376\377\000Q\000w\000e\000n\0002\000.\0005\000-\0001\000.\0005\000B\000-\000I\000n\000s\000t\000r\000u\000c\000t}{appendix.C}% 32
\BOOKMARK [2][-]{subsection.C.7}{\376\377\000Q\000w\000e\000n\0002\000.\0005\000-\0007\000B\000-\000I\000n\000s\000t\000r\000u\000c\000t}{appendix.C}% 33
\BOOKMARK [2][-]{subsection.C.8}{\376\377\000M\000i\000s\000t\000r\000a\000l\000-\0007\000B\000-\000I\000n\000s\000t\000r\000u\000c\000t\000-\000v\0000\000.\0001}{appendix.C}% 34
\BOOKMARK [2][-]{subsection.C.9}{\376\377\000C\000r\000o\000s\000s\000-\000M\000o\000d\000e\000l\000\040\000O\000r\000t\000h\000o\000g\000o\000n\000a\000l\000i\000t\000y\000\040\000S\000u\000m\000m\000a\000r\000y}{appendix.C}% 35
\BOOKMARK [1][-]{appendix.D}{\376\377\000D\000e\000f\000e\000n\000s\000e\000\040\000M\000e\000c\000h\000a\000n\000i\000s\000m\000\040\000G\000e\000o\000m\000e\000t\000r\000y}{}% 36
\BOOKMARK [1][-]{appendix.E}{\376\377\000M\000u\000l\000t\000i\000-\000F\000r\000a\000m\000e\000w\000o\000r\000k\000\040\000A\000n\000a\000l\000y\000s\000i\000s\000:\000\040\000M\000B\000T\000I\000\040\000a\000n\000d\000\040\000J\000u\000n\000g\000i\000a\000n\000\040\000C\000o\000g\000n\000i\000t\000i\000v\000e\000\040\000F\000u\000n\000c\000t\000i\000o\000n\000s}{}% 37
\BOOKMARK [2][-]{subsection.E.1}{\376\377\000C\000r\000o\000s\000s\000-\000F\000r\000a\000m\000e\000w\000o\000r\000k\000\040\000C\000o\000m\000p\000a\000r\000i\000s\000o\000n\000:\000\040\000C\000o\000h\000e\000n\000'\000s\000\040\000d\000\040\000b\000y\000\040\000T\000r\000a\000i\000t\000\040\000a\000n\000d\000\040\000M\000o\000d\000e\000l}{appendix.E}% 38
\BOOKMARK [2][-]{subsection.E.2}{\376\377\000F\000r\000a\000m\000e\000w\000o\000r\000k\000\040\000B\000e\000s\000t\000-\000L\000a\000y\000e\000r\000\040\000D\000i\000s\000t\000r\000i\000b\000u\000t\000i\000o\000n}{appendix.E}% 39
\BOOKMARK [2][-]{subsection.E.3}{\376\377\000J\000u\000n\000g\000i\000a\000n\000\040\000C\000o\000g\000n\000i\000t\000i\000v\000e\000\040\000F\000u\000n\000c\000t\000i\000o\000n\000s\000:\000\040\000L\000a\000y\000e\000r\000-\000w\000i\000s\000e\000\040\000H\000e\000a\000t\000m\000a\000p}{appendix.E}% 40
\BOOKMARK [2][-]{subsection.E.4}{\376\377\000M\000B\000T\000I\000\040\000L\000a\000y\000e\000r\000\040\000P\000r\000o\000f\000i\000l\000e\000s\000\040\000b\000y\000\040\000M\000o\000d\000e\000l}{appendix.E}% 41
\BOOKMARK [2][-]{subsection.E.5}{\376\377\000J\000u\000n\000g\000i\000a\000n\000\040\000C\000o\000g\000n\000i\000t\000i\000v\000e\000\040\000F\000u\000n\000c\000t\000i\000o\000n\000\040\000L\000a\000y\000e\000r\000\040\000P\000r\000o\000f\000i\000l\000e\000s\000\040\000b\000y\000\040\000M\000o\000d\000e\000l}{appendix.E}% 42
\BOOKMARK [1][-]{appendix.F}{\376\377\000C\000o\000n\000t\000r\000o\000l\000\040\000E\000x\000p\000e\000r\000i\000m\000e\000n\000t\000s}{}% 43
\BOOKMARK [2][-]{subsection.F.1}{\376\377\000P\000o\000s\000i\000t\000i\000o\000n\000-\000S\000w\000a\000p\000\040\000C\000o\000n\000t\000r\000o\000l}{appendix.F}% 44
\BOOKMARK [2][-]{subsection.F.2}{\376\377\000P\000a\000r\000a\000p\000h\000r\000a\000s\000e\000\040\000C\000o\000n\000t\000r\000o\000l}{appendix.F}% 45
\BOOKMARK [2][-]{subsection.F.3}{\376\377\000O\000u\000t\000-\000o\000f\000-\000D\000o\000m\000a\000i\000n\000\040\000G\000e\000n\000e\000r\000a\000l\000i\000z\000a\000t\000i\000o\000n}{appendix.F}% 46
\BOOKMARK [1][-]{appendix.G}{\376\377\000A\000l\000g\000o\000r\000i\000t\000h\000m\000\040\000P\000s\000e\000u\000d\000o\000c\000o\000d\000e}{}% 47
\BOOKMARK [1][-]{appendix.H}{\376\377\000P\000e\000r\000p\000l\000e\000x\000i\000t\000y\000\040\000C\000a\000l\000c\000u\000l\000a\000t\000i\000o\000n\000\040\000M\000e\000t\000h\000o\000d\000o\000l\000o\000g\000y}{}% 48
